<?xml version="1.0" encoding="UTF-8"?>
<!-- Generated by org.testng.reporters.JUnitReportReporter -->
<testsuite hostname="LAPTOP-70PFIIMI" failures="0" tests="5" name="com.qa.opencart.tests.HomePageTest" time="1.034" errors="0" timestamp="13 Jul 2024 02:28:03 GMT" skipped="0">
  <testcase classname="com.qa.opencart.tests.HomePageTest" name="searchTest" time="0.319"/>
  <testcase classname="com.qa.opencart.tests.HomePageTest" name="homePageTitleTest" time="0.031"/>
  <testcase classname="com.qa.opencart.tests.HomePageTest" name="searchTest" time="0.325"/>
  <testcase classname="com.qa.opencart.tests.HomePageTest" name="homePageURLTest" time="0.003"/>
  <testcase classname="com.qa.opencart.tests.HomePageTest" name="searchTest" time="0.356"/>
</testsuite> <!-- com.qa.opencart.tests.HomePageTest -->
